
****************************************************************
****************************************************************
**                                                            **
**                                                            **
**        CCC     OO      SSS    M    M     OO      SSS       **
**       C       O  O    S       MM  MM    O  O    S          **
**       C       O  O     SS     M MM M    O  O     SS        **
**       C       O  O       S    M    M    O  O       S       **
**        CCC     OO     SSS     M    M     OO     SSS        **
**                                                            **
**                                                            **
**                   Simulations  V2021-B3                    **
**                 Simulation Premium Package                 **
**           Distributed By: SOLIDWORKS Corporation           **
**               6320 Canoga Avenue, Suite 300                **
**               Woodland Hills, California 91367             **
**               Telephone Number (818)673-2200               **
**         Copyright 1988-2018 SOLIDWORKS Corporation         **
**                                                            **
****************************************************************
****************************************************************

Problem name: C:\Users\rjansens\OneDrive - Olin Colleg
Date        : 12/10/2022     Time:   22:28:49


 SYSTEM OF UNITS:
 International System of Units, SI, is used for all input/output data.
 Common Quantities:
 Length:meter, Mass:kilogram, Time:second, Temperature:kelvin
 Force:newton, Pressure also stress:pascal, Energy:joule, Power:watt

 NUMBER OF PHYSICAL CORES USED TO RUN SIMULATION:  6

  C O N T R O L  I N F O R M A T I O N                  

   CURRENT RESTRAINT SET . . . . . . . . . . . (BC_SET)  =           1

   NUMBER OF LOAD CASES  . . . . . . . . . . . (NLCASE)  =           1
   SOLUTION MODE . . . . . . . . . . . . . . . (MODEX)   =           2
      EQ. 0, STATIC ANALYSIS                              
      EQ. 1, BUCKLING ANALYSIS                            
      EQ. 2, DYNAMIC ANALYSIS                             
      EQ. 3, DROP TEST                                    

   SOLVER TYPE . . . . . . . . . . . . . . . . .(ISOL)   =           5
      EQ. 0, DIRECT SPARSE SOLVER                         
      EQ. 1, DIRECT SKYLINE SOLVER                        
      EQ. 2, ITERATIVE SOLVER                             
      EQ. 3, EXPLICIT INTEGRATION                         
      EQ. 4, LARGE PROBLEM DIRECT SPARSE SOLVER           
      EQ. 5, INTEL DIRECT SPARSE SOLVER                   
      EQ. 6, INTEL NETWORK SPARSE SOLVER                  

   THERMAL LOADING FLAG . . . . . . . . . . . .(ITHERM)  =           0
      EQ. 0, NO THERMAL EFFECTS CONSIDERED                
      EQ. 1, ADD TEMPERATURE EFFECT                       
   GRAVITY LOADING FLAG . . . . . . . . . . . .(IGRAV)   =           0
      EQ. 0, NO GRAVITY LOADING CONSIDERED                
      EQ. 1, ADD GRAVITY LOADING EFFECT                   
   CENTRIFUGAL LOADING FLAG . . . . . . . . . .(ICNTRF)  =           0
      EQ. 0, NO CENTRIFUGAL LOADING CONSIDERED            
      EQ. 1, ADD CENTRIFUGAL LOADING EFFECT               
   IN-PLANE STIFFENING FLAG . . . . . . . . . .(INPLN)   =           0
      EQ. 0, NO IN-PLANE EFFECTS CONSIDERED               
      EQ. 1, IN-PLANE EFFECTS CONSIDERED                  
   SOFT SPRING ADDITION FLAG . . . . . . . . . (ISOFT)   =           1
      EQ. 0, NO SOFT SPRING OPTION                        
      EQ. 1, SOFT SPRING ADDED                            

   SAVE DECOMPOSED STIFFNESS MATRIX FLAG . . . (ISAVK)   =           0
      EQ. 0, DO NOT SAVE DECOMPOSED K                     
      EQ. 1, SAVE DECOMPOSED K                            
   FORM STIFFNESS MATRIX FLAG . . . . . . . . .(IFORMK)  =           0
      EQ. 0, FORM STIFFNESS MATRIX                        
      EQ. 1, USE EXISTING DECOMPOSED STIFFNESS MATRIX     

   SPIN SOFTENING FLAG . . . . . . . . . . . . (ISPIN)   =           0
      EQ. 0, NO SPIN SOFTENING EFFECTS CONSIDERED         
      EQ. 1, SPIN SOFTENING EFFECTS CONSIDERED            
   INERTIA RELIEF FLAG  . . . . . . . . . . . .(IFORMK)  =           0
      EQ. 0, NO INERITA RELIEF EFFECTS CONSIDERED         
      EQ. 1, INERITA RELIEF EFFECTS CONSIDERED            
   RIGID CONNECTIONS FLAG  . . . . . . . . . . (IRIGID)  =           0
      EQ. 0, HINGE CONNECTIONS BETWEEN SOLIDS & SHELLS    
      EQ. 1, RIGID CONNECTIONS BETWEEN SOLIDS & SHELLS    


  T O T A L  S Y S T E M  D A T A                        
   NUMBER OF EQUATIONS . . . . . . . . . . . . . .(NEQ)  =      266805
   MEAN HALF BANDWIDTH . . . . . . . . . . . . . .(MM )  =         118
   NUMBER OF ELEMENTS. . . . . . . . . . . . . . .(NUME) =       65430
   NUMBER OF NODAL POINTS. . . . . . . . . . . . .(NUMNP)=       88935

   ORIGINAL NO. OF MATRIX ELEMENTS . . . . . . . .(NWK)  =    10738459
1

    -------------------------------------------------------------------------
    |            M A S S   M O M E N T   I N F O R M A T I O N              |
    |-----------------------------------------------------------------------|
    |MASS    0.125298E+00   |VOLUME  0.583008E-04   |WEIGHT  0.000000E+00   |
    |-----------------------------------------------------------------------|
    | MASS MOMENT OF INERTIA W.R.T. C.G.                                    |
    |-----------------------------------------------------------------------|
    |IX      0.725314E-04   |IY      0.109153E-03   |IZ      0.888721E-04   |
    |-----------------------------------------------------------------------|
    | MASS PRODUCT OF INERTIA W.R.T. C.G.                                   |
    |-----------------------------------------------------------------------|
    |PXY     0.411100E-10   |PXZ    -0.856445E-10   |PYZ     0.474301E-10   |
    |-----------------------------------------------------------------------|
    | RADII OF GYRATION W.R.T. C.G.                                         |
    |-----------------------------------------------------------------------|
    |RX      0.240597E-01   |RY      0.295151E-01   |RZ      0.266324E-01   |
    |-----------------------------------------------------------------------|
    | CENTER OF GRAVITY                                                     |
    |-----------------------------------------------------------------------|
    |CGx     0.530211E-08   |CGy     0.164841E-03   |CGz     0.176073E-07   |
    |-----------------------------------------------------------------------|
    | PRINCIPAL MASS MOMENT OF INERTIA                                      |
    |-----------------------------------------------------------------------|
    |P1      0.109153E-03   |P2      0.888723E-04   |P3      0.725313E-04   |
    |-----------------------------------------------------------------------|
    | PRINCIPAL RADII OF GYRATION                                           |
    |-----------------------------------------------------------------------|
    |R1      0.295151E-01   |R2      0.266324E-01   |R3      0.240597E-01   |
    |-----------------------------------------------------------------------|
    | PRINCIPAL AXES (DIRECTION COSINES IN ROWS W.R.T C.G)                  |
    |-----------------------------------------------------------------------|
    |N_11    0.794553E+00   |N_12    0.607194E+00   |N_13    0.193535E-05   |
    |-----------------------------------------------------------------------|
    |N_21    0.888329E+00   |N_22    0.287467E-05   |N_23    0.459207E+00   |
    |-----------------------------------------------------------------------|
    |N_31    0.278828E+00   |N_32   -0.364863E+00   |N_33   -0.539386E+00   |
    -------------------------------------------------------------------------



   S O L U T I O N   P A R A M E T E R S
    MAX. NO. OF EIGENVALUES CALCULATED . . . (NFR)=        12
    MASS TYPE: 1-LUMPED,2-CONSISTENT. . . . (MASS)=         1
    MODE SHAPE PRINT FLAG. . . . . . . . . (MPRNT)=         0
    INTERMEDIATE SOLUTION PRINT FLAG . . . .(IFPR)=         0
    STURM SEQUENCE CHECK FLAG. . . . . . . .(IFSS)=         0
    MAXIMUM NUMBER OF ITERATIONS . . . . . (ITMAX)=      1000
    FREQUENCY SHIFT FLAG . . . . . . . . . (IFRSH)=         2
    USER DEFINED FREQUENCY SHIFT . . . . . .(FRSH)=-0.3553058E+07
    CONVERGENCE TOLERANCE. . . . . . . . . .(RTOL)= 0.1000000E-04
    COMPOSITE MODAL DAMPING CALC. FLAG . . .(IMDC)=         0
    MODAL ACCELERATION FLAG. . . . . . . . .(IMAM)=         0

    APPLIED FREQUENCY SHIFT. . . . . . . . .(FRSH)=-0.3553058E+07





   S U B S P A C E   I T E R A T I O N


     ITERATION  NUMBER     1

     ITERATION  NUMBER     2

     ITERATION  NUMBER     3

     ITERATION  NUMBER     4




 CONVERGENCE REACHED FOR RTOL 0.1000E-04


  F R E Q U E N C Y   A N A L Y S I S  
                 by 
  S U B S P A C E   A L G O R I T H M


     FREQUENCY       FREQUENCY       FREQUENCY       PERIOD
      NUMBER         (RAD/SEC)      (CYCLES/SEC)    (SECONDS)

         1        0.8517400E+00    0.1355586E+00  0.7376882E+01
         2        0.8655954E+00    0.1377638E+00  0.7258802E+01
         3        0.8893861E+00    0.1415502E+00  0.7064632E+01
         4        0.9052420E+00    0.1440737E+00  0.6940890E+01
         5        0.9220581E+00    0.1467501E+00  0.6814305E+01
         6        0.1663719E+04    0.2647890E+03  0.3776592E-02
         7        0.1820710E+04    0.2897749E+03  0.3450954E-02
         8        0.2055746E+04    0.3271821E+03  0.3056402E-02
         9        0.2109361E+04    0.3357152E+03  0.2978715E-02
        10        0.2135010E+04    0.3397975E+03  0.2942930E-02
        11        0.2282516E+04    0.3632738E+03  0.2752745E-02
        12        0.2491754E+04    0.3965749E+03  0.2521592E-02


        ************************************************************
        *      M O D A L   B A S E   P A R T I C I P A T I O N     *
        ************************************************************

 MODE          PARTICIPATION FACTORS                     MODAL MASSES
  No.      x-dir       y-dir       z_dir          Mx        My        Mz

    1   -.19446     -.13914     0.18637       .37814E-01 .19360E-01 .34734E-01
    2   -.12510E-01 0.29763     0.18665       .15651E-03 .88581E-01 .34836E-01
    3   -.25114     0.68369E-01 -.13542       .63073E-01 .46743E-02 .18339E-01
    4   -.22537E-01 -.20399E-01 -.14703E-01   .50790E-03 .41611E-03 .21618E-03
    5   0.78838E-01 0.65716E-01 -.14991       .62155E-02 .43186E-02 .22472E-01
    6   -.30206E-10 -.50186E-08 0.97073E-10   .91237E-21 .25186E-16 .94232E-20
    7   0.38548E-10 0.33005E-08 -.25349E-11   .14859E-20 .10894E-16 .64257E-23
    8   -.48397E-09 -.78622E-10 0.17709E-09   .23423E-18 .61814E-20 .31362E-19
    9   -.32397E-08 -.14459E-09 -.20240E-08   .10495E-16 .20906E-19 .40964E-17
   10   -.18551E-08 -.59147E-09 -.23625E-08   .34414E-17 .34984E-18 .55812E-17
   11   0.27904E-08 0.29701E-09 -.95536E-09   .77863E-17 .88216E-19 .91271E-18
   12   -.31071E-09 0.18060E-08 0.37630E-08   .96540E-19 .32616E-17 .14160E-16
                                              __________ __________ __________

                      TOTAL EFFECTIVE MASS  = .10777     .11735     .11060    


                                                          *
               INDIVIDUAL MODAL MASS            CUMULATIVE  EFFECTIVE MASS
               ---------------------            --------------------------
                    TOTAL MASS                         TOTAL MASS        

 MODE        Mx          My         Mz         Cum. Mx    Cum. My    Cum. Mz
  No.       ----        ----       ----        -------    -------    -------
            MASS        MASS       MASS          MASS       MASS       MASS

    1      0.302       0.155       0.277        0.302      0.155      0.277    
    2      0.125E-02   0.707       0.278        0.303      0.861      0.555    
    3      0.503       0.373E-01   0.146        0.806      0.899      0.702    
    4      0.405E-02   0.332E-02   0.173E-02    0.810      0.902      0.703    
    5      0.496E-01   0.345E-01   0.179        0.860      0.937      0.883    
    6      0.728E-20   0.201E-15   0.752E-19    0.860      0.937      0.883    
    7      0.119E-19   0.869E-16   0.513E-22    0.860      0.937      0.883    
    8      0.187E-17   0.493E-19   0.250E-18    0.860      0.937      0.883    
    9      0.838E-16   0.167E-18   0.327E-16    0.860      0.937      0.883    
   10      0.275E-16   0.279E-17   0.445E-16    0.860      0.937      0.883    
   11      0.621E-16   0.704E-18   0.728E-17    0.860      0.937      0.883    
   12      0.770E-18   0.260E-16   0.113E-15    0.860      0.937      0.883    

                    TOTAL EFFECTIVE MASS
                    --------------------  =     0.860      0.937      0.883
                         TOTAL MASS       


 Note: Cumulative value at each mode is the sum of the values
       up to and including that mode
 _____________________________________________________________________________




   S O L U T I O N   T I M E	 L O G  (sec)
     INPUT PHASE . . . . . . . . . . . . . . . . . .      1968
     ASSEMBLAGE OF THE STIFFNESS MATRIX  . . . . . .      3246
     ASSEMBLAGE OF THE MASS MATRIX . . . . . . . . .        53
     DECOMPOSITION OF THE STIFFNESS MATRIX . . . . .        94
     EIGENVALUE SOLUTION . . . . . . . . . . . . . .        33
     OUTPUT PHASE  . . . . . . . . . . . . . . . . .         6
     TOTAL SOLUTION TIME . . . . . . . . . . . . . .      5400
